{
  "stats": {
    "suites": 2,
    "tests": 7,
    "passes": 7,
    "pending": 0,
    "failures": 0,
    "start": "2021-07-28T04:46:38.561Z",
    "end": "2021-07-28T04:46:38.644Z",
    "duration": 83,
    "testsRegistered": 7,
    "passPercent": 100,
    "pendingPercent": 0,
    "other": 0,
    "hasOther": false,
    "skipped": 0,
    "hasSkipped": false
  },
  "results": [
    {
      "uuid": "c750dece-34ed-4af5-a7b9-12e129d01f22",
      "title": "",
      "fullFile": "",
      "file": "",
      "beforeHooks": [],
      "afterHooks": [],
      "tests": [],
      "suites": [
        {
          "uuid": "541721df-7ed2-424b-9373-5aca377e658f",
          "title": "Negative tests",
          "fullFile": "C:\\Users\\zeedy\\Downloads\\workInProgress\\API\\wine-api\\test\\negTest.js",
          "file": "\\test\\negTest.js",
          "beforeHooks": [],
          "afterHooks": [],
          "tests": [
            {
              "title": "Post / wrong data entry",
              "fullTitle": "Negative tests Post / wrong data entry",
              "timedOut": false,
              "duration": 20,
              "state": "passed",
              "speed": "fast",
              "pass": true,
              "fail": false,
              "pending": false,
              "context": null,
              "code": "const inventory = {\n  name: \"name\",\n  wine: \"wine\",\n  year: 9090,\n  origine: \"origine\",\n};\nconst postReq = await request.post(\"/inventory\").send(inventory);\nexpect(postReq.body.name, \"name showld be string\").to.be.eq(\"name\");\nexpect(postReq.body.wine, \"wine showld be string\").to.be.a(\"string\");\nexpect(postReq.body.year, \"year showld be Number\").to.be.a(\"number\");",
              "err": {},
              "uuid": "17225d5c-84ba-4055-b61e-2bbf6c9fc3d0",
              "parentUUID": "541721df-7ed2-424b-9373-5aca377e658f",
              "isHook": false,
              "skipped": false
            },
            {
              "title": "GET / id not present",
              "fullTitle": "Negative tests GET / id not present",
              "timedOut": false,
              "duration": 11,
              "state": "passed",
              "speed": "fast",
              "pass": true,
              "fail": false,
              "pending": false,
              "context": null,
              "code": "const keyId = \"60ff8fb530aca20da0000000\";\nawait request.get(`/inventory/${keyId}`).then((res) => {\n  expect(res.status, \"bad request\").to.be.eq(404);\n});",
              "err": {},
              "uuid": "012c93a3-e9c4-4cb9-95fb-6e3e955df514",
              "parentUUID": "541721df-7ed2-424b-9373-5aca377e658f",
              "isHook": false,
              "skipped": false
            },
            {
              "title": "DELET /byId",
              "fullTitle": "Negative tests DELET /byId",
              "timedOut": false,
              "duration": 5,
              "state": "passed",
              "speed": "fast",
              "pass": true,
              "fail": false,
              "pending": false,
              "context": null,
              "code": "const nameOf = \"60ff9c054e9c5935f0ff0fb2\";\nawait request.delete(`/inventory/${nameOf}`).then((res) => {\n  expect(res.status, \"bad request\").to.be.eq(404);\n  expect(res.body.message, \"message of nothing found\").to.be.eq(\n    \"Nothing found inside inventory\"\n  );\n});\n//expect(res.status).to.be.eq(404);",
              "err": {},
              "uuid": "66959952-b675-41e4-9fc3-f320cd7b9727",
              "parentUUID": "541721df-7ed2-424b-9373-5aca377e658f",
              "isHook": false,
              "skipped": false
            }
          ],
          "suites": [],
          "passes": [
            "17225d5c-84ba-4055-b61e-2bbf6c9fc3d0",
            "012c93a3-e9c4-4cb9-95fb-6e3e955df514",
            "66959952-b675-41e4-9fc3-f320cd7b9727"
          ],
          "failures": [],
          "pending": [],
          "skipped": [],
          "duration": 36,
          "root": false,
          "rootEmpty": false,
          "_timeout": 2000
        },
        {
          "uuid": "26295025-9983-4f6b-b6f7-710672b99307",
          "title": "Positive API-test",
          "fullFile": "C:\\Users\\zeedy\\Downloads\\workInProgress\\API\\wine-api\\test\\useTest.js",
          "file": "\\test\\useTest.js",
          "beforeHooks": [],
          "afterHooks": [],
          "tests": [
            {
              "title": "POST /inventory",
              "fullTitle": "Positive API-test POST /inventory",
              "timedOut": false,
              "duration": 5,
              "state": "passed",
              "speed": "fast",
              "pass": true,
              "fail": false,
              "pending": false,
              "context": null,
              "code": "const data = {\n  name: \"Shato\",\n  wine: \"Red\",\n  year: 2010,\n  origine: \"Terra\",\n};\nreturn request\n  .post(\"/inventory\")\n  .send(data)\n  .then((res) => {\n    expect(res.body.name).to.be.eq(res.body.name);\n    sampleId = res.body._id;\n  });",
              "err": {},
              "uuid": "148c2433-d545-43da-a3b4-d7e8f3c86093",
              "parentUUID": "26295025-9983-4f6b-b6f7-710672b99307",
              "isHook": false,
              "skipped": false
            },
            {
              "title": "GET /byId",
              "fullTitle": "Positive API-test GET /byId",
              "timedOut": false,
              "duration": 6,
              "state": "passed",
              "speed": "fast",
              "pass": true,
              "fail": false,
              "pending": false,
              "context": null,
              "code": "return request.get(`/inventory/${sampleId}`).then((res) => {\n  expect(res.body._id).to.be.eq(`${sampleId}`);\n});",
              "err": {},
              "uuid": "c7fef4d1-3a0e-4b69-a868-f7f7e652e0dd",
              "parentUUID": "26295025-9983-4f6b-b6f7-710672b99307",
              "isHook": false,
              "skipped": false
            },
            {
              "title": "DELET /byId",
              "fullTitle": "Positive API-test DELET /byId",
              "timedOut": false,
              "duration": 7,
              "state": "passed",
              "speed": "fast",
              "pass": true,
              "fail": false,
              "pending": false,
              "context": null,
              "code": "return request.delete(`/inventory/${sampleId}`).then((res) => {\n  expect(res.body.name).to.be.eq(res.body.name);\n});",
              "err": {},
              "uuid": "b1b9440a-c253-42fc-ac63-53c25d956d50",
              "parentUUID": "26295025-9983-4f6b-b6f7-710672b99307",
              "isHook": false,
              "skipped": false
            },
            {
              "title": "GET /inventory",
              "fullTitle": "Positive API-test GET /inventory",
              "timedOut": false,
              "duration": 17,
              "state": "passed",
              "speed": "fast",
              "pass": true,
              "fail": false,
              "pending": false,
              "context": null,
              "code": "return request.get(\"/inventory\").then((res) => {\n  expect(res.body).not.to.be.empty;\n});",
              "err": {},
              "uuid": "7a9894f3-c102-4513-8bed-4dbcd4fb840b",
              "parentUUID": "26295025-9983-4f6b-b6f7-710672b99307",
              "isHook": false,
              "skipped": false
            }
          ],
          "suites": [],
          "passes": [
            "148c2433-d545-43da-a3b4-d7e8f3c86093",
            "c7fef4d1-3a0e-4b69-a868-f7f7e652e0dd",
            "b1b9440a-c253-42fc-ac63-53c25d956d50",
            "7a9894f3-c102-4513-8bed-4dbcd4fb840b"
          ],
          "failures": [],
          "pending": [],
          "skipped": [],
          "duration": 35,
          "root": false,
          "rootEmpty": false,
          "_timeout": 2000
        }
      ],
      "passes": [],
      "failures": [],
      "pending": [],
      "skipped": [],
      "duration": 0,
      "root": true,
      "rootEmpty": true,
      "_timeout": 2000
    }
  ],
  "meta": {
    "mocha": {
      "version": "9.0.3"
    },
    "mochawesome": {
      "options": {
        "quiet": false,
        "reportFilename": "mochawesome",
        "saveHtml": true,
        "saveJson": true,
        "consoleReporter": "spec",
        "useInlineDiffs": false,
        "code": true
      },
      "version": "6.2.2"
    },
    "marge": {
      "options": null,
      "version": "5.2.0"
    }
  }
}