{
  "stats": {
    "suites": 2,
    "tests": 5,
    "passes": 5,
    "pending": 0,
    "failures": 0,
    "start": "2021-07-27T05:48:54.615Z",
    "end": "2021-07-27T05:48:54.696Z",
    "duration": 81,
    "testsRegistered": 5,
    "passPercent": 100,
    "pendingPercent": 0,
    "other": 0,
    "hasOther": false,
    "skipped": 0,
    "hasSkipped": false
  },
  "results": [
    {
      "uuid": "7746f99b-bae5-4ee7-a1a5-73f8219dd39c",
      "title": "",
      "fullFile": "",
      "file": "",
      "beforeHooks": [],
      "afterHooks": [],
      "tests": [],
      "suites": [
        {
          "uuid": "9d190970-8bb2-42e7-af83-54523762671f",
          "title": "Negative tests",
          "fullFile": "C:\\Users\\zeedy\\Downloads\\workInProgress\\API\\wine-api\\test\\negTest.js",
          "file": "\\test\\negTest.js",
          "beforeHooks": [],
          "afterHooks": [],
          "tests": [
            {
              "title": "year should be Number value",
              "fullTitle": "Negative tests year should be Number value",
              "timedOut": false,
              "duration": 33,
              "state": "passed",
              "speed": "fast",
              "pass": true,
              "fail": false,
              "pending": false,
              "context": null,
              "code": "const data = {\n  name: \"Shato\",\n  wine: \"Red\",\n  year: \"2010\",\n  origine: \"Terra\",\n};\nconst postRest = await request\n  .post(\"/inventory\")\n  .send(data)\n  .then((res) => {\n    expect(res.body.year).to.contain(Number);\n  });",
              "err": {},
              "uuid": "bf0d9ec2-95fd-4e42-b74e-903dd883d655",
              "parentUUID": "9d190970-8bb2-42e7-af83-54523762671f",
              "isHook": false,
              "skipped": false
            }
          ],
          "suites": [],
          "passes": [
            "bf0d9ec2-95fd-4e42-b74e-903dd883d655"
          ],
          "failures": [],
          "pending": [],
          "skipped": [],
          "duration": 33,
          "root": false,
          "rootEmpty": false,
          "_timeout": 2000
        },
        {
          "uuid": "805a2502-374d-4111-87b3-1736b39700ce",
          "title": "Wine API-test",
          "fullFile": "C:\\Users\\zeedy\\Downloads\\workInProgress\\API\\wine-api\\test\\useTest.js",
          "file": "\\test\\useTest.js",
          "beforeHooks": [],
          "afterHooks": [],
          "tests": [
            {
              "title": "POST /inventory",
              "fullTitle": "Wine API-test POST /inventory",
              "timedOut": false,
              "duration": 11,
              "state": "passed",
              "speed": "fast",
              "pass": true,
              "fail": false,
              "pending": false,
              "context": null,
              "code": "const data = {\n  name: \"Shato\",\n  wine: \"Red\",\n  year: 2010,\n  origine: \"Terra\",\n};\nreturn request\n  .post(\"/inventory\")\n  .send(data)\n  .then((res) => {\n    expect(res.body.name).to.be.eq(res.body.name);\n    sampleId = res.body._id;\n    console.log(res.body);\n  });",
              "err": {},
              "uuid": "047993d5-6b1e-4267-a2b4-0cdd5235b0cd",
              "parentUUID": "805a2502-374d-4111-87b3-1736b39700ce",
              "isHook": false,
              "skipped": false
            },
            {
              "title": "GET /byId",
              "fullTitle": "Wine API-test GET /byId",
              "timedOut": false,
              "duration": 7,
              "state": "passed",
              "speed": "fast",
              "pass": true,
              "fail": false,
              "pending": false,
              "context": null,
              "code": "return request.get(`/inventory/${sampleId}`).then((res) => {\n  expect(res.body._id).to.be.eq(`${sampleId}`);\n});",
              "err": {},
              "uuid": "58ed8c72-dd07-4fa1-a468-8df9b277e4f3",
              "parentUUID": "805a2502-374d-4111-87b3-1736b39700ce",
              "isHook": false,
              "skipped": false
            },
            {
              "title": "DELET /byId",
              "fullTitle": "Wine API-test DELET /byId",
              "timedOut": false,
              "duration": 7,
              "state": "passed",
              "speed": "fast",
              "pass": true,
              "fail": false,
              "pending": false,
              "context": null,
              "code": "return request.delete(`/inventory/${sampleId}`).then((res) => {\n  expect(res.body.name).to.be.eq(res.body.name);\n});",
              "err": {},
              "uuid": "a72e4bc8-3abe-43c6-9b14-7e5d0b8a811b",
              "parentUUID": "805a2502-374d-4111-87b3-1736b39700ce",
              "isHook": false,
              "skipped": false
            },
            {
              "title": "GET /inventory",
              "fullTitle": "Wine API-test GET /inventory",
              "timedOut": false,
              "duration": 11,
              "state": "passed",
              "speed": "fast",
              "pass": true,
              "fail": false,
              "pending": false,
              "context": null,
              "code": "return request.get(\"/inventory\").then((res) => {\n  expect(res.body).not.to.be.empty;\n});",
              "err": {},
              "uuid": "b3ff3eca-af33-4eab-9d35-e2b5fa8ca877",
              "parentUUID": "805a2502-374d-4111-87b3-1736b39700ce",
              "isHook": false,
              "skipped": false
            }
          ],
          "suites": [],
          "passes": [
            "047993d5-6b1e-4267-a2b4-0cdd5235b0cd",
            "58ed8c72-dd07-4fa1-a468-8df9b277e4f3",
            "a72e4bc8-3abe-43c6-9b14-7e5d0b8a811b",
            "b3ff3eca-af33-4eab-9d35-e2b5fa8ca877"
          ],
          "failures": [],
          "pending": [],
          "skipped": [],
          "duration": 36,
          "root": false,
          "rootEmpty": false,
          "_timeout": 2000
        }
      ],
      "passes": [],
      "failures": [],
      "pending": [],
      "skipped": [],
      "duration": 0,
      "root": true,
      "rootEmpty": true,
      "_timeout": 2000
    }
  ],
  "meta": {
    "mocha": {
      "version": "9.0.3"
    },
    "mochawesome": {
      "options": {
        "quiet": false,
        "reportFilename": "mochawesome",
        "saveHtml": true,
        "saveJson": true,
        "consoleReporter": "spec",
        "useInlineDiffs": false,
        "code": true
      },
      "version": "6.2.2"
    },
    "marge": {
      "options": null,
      "version": "5.2.0"
    }
  }
}